[2025-03-13T18:45:50.871+0000] {local_task_job_runner.py:123} INFO - ::group::Pre task execution logs
[2025-03-13T18:45:50.880+0000] {taskinstance.py:2614} INFO - Dependencies all met for dep_context=non-requeueable deps ti=<TaskInstance: parse_FT.parse_job_offerings_task manual__2025-03-13T18:45:49.591670+00:00 [queued]>
[2025-03-13T18:45:50.885+0000] {taskinstance.py:2614} INFO - Dependencies all met for dep_context=requeueable deps ti=<TaskInstance: parse_FT.parse_job_offerings_task manual__2025-03-13T18:45:49.591670+00:00 [queued]>
[2025-03-13T18:45:50.885+0000] {taskinstance.py:2867} INFO - Starting attempt 1 of 2
[2025-03-13T18:45:50.892+0000] {taskinstance.py:2890} INFO - Executing <Task(PythonOperator): parse_job_offerings_task> on 2025-03-13 18:45:49.591670+00:00
[2025-03-13T18:45:50.897+0000] {warnings.py:112} WARNING - /home/***/.local/lib/python3.12/site-packages/***/task/task_runner/standard_task_runner.py:70: DeprecationWarning: This process (pid=2066) is multi-threaded, use of fork() may lead to deadlocks in the child.
  pid = os.fork()

[2025-03-13T18:45:50.898+0000] {standard_task_runner.py:72} INFO - Started process 2068 to run task
[2025-03-13T18:45:50.898+0000] {standard_task_runner.py:104} INFO - Running: ['***', 'tasks', 'run', 'parse_FT', 'parse_job_offerings_task', 'manual__2025-03-13T18:45:49.591670+00:00', '--job-id', '21', '--raw', '--subdir', 'DAGS_FOLDER/scraping.py', '--cfg-path', '/tmp/tmprron7ap_']
[2025-03-13T18:45:50.899+0000] {standard_task_runner.py:105} INFO - Job 21: Subtask parse_job_offerings_task
[2025-03-13T18:45:50.921+0000] {task_command.py:467} INFO - Running <TaskInstance: parse_FT.parse_job_offerings_task manual__2025-03-13T18:45:49.591670+00:00 [running]> on host 5ab3e0664f49
[2025-03-13T18:45:50.966+0000] {taskinstance.py:3134} INFO - Exporting env vars: AIRFLOW_CTX_DAG_OWNER='joel' AIRFLOW_CTX_DAG_ID='parse_FT' AIRFLOW_CTX_TASK_ID='parse_job_offerings_task' AIRFLOW_CTX_EXECUTION_DATE='2025-03-13T18:45:49.591670+00:00' AIRFLOW_CTX_TRY_NUMBER='1' AIRFLOW_CTX_DAG_RUN_ID='manual__2025-03-13T18:45:49.591670+00:00'
[2025-03-13T18:45:50.966+0000] {logging_mixin.py:190} INFO - Task instance is in running state
[2025-03-13T18:45:50.967+0000] {logging_mixin.py:190} INFO -  Previous state of the Task instance: queued
[2025-03-13T18:45:50.967+0000] {logging_mixin.py:190} INFO - Current task name:parse_job_offerings_task state:running start_date:2025-03-13 18:45:50.880765+00:00
[2025-03-13T18:45:50.967+0000] {logging_mixin.py:190} INFO - Dag name:parse_FT and current dag run status:running
[2025-03-13T18:45:50.967+0000] {taskinstance.py:732} INFO - ::endgroup::
[2025-03-13T18:45:50.968+0000] {logging_mixin.py:190} INFO - testtest
[2025-03-13T18:45:50.969+0000] {logging_mixin.py:190} INFO - 114
[2025-03-13T18:45:50.970+0000] {logging_mixin.py:190} INFO - /offres/recherche/detail/3523468
[2025-03-13T18:45:50.970+0000] {python.py:240} INFO - Done. Returned value was: None
[2025-03-13T18:45:50.975+0000] {taskinstance.py:341} INFO - ::group::Post task execution logs
[2025-03-13T18:45:50.975+0000] {taskinstance.py:353} INFO - Marking task as SUCCESS. dag_id=parse_FT, task_id=parse_job_offerings_task, run_id=manual__2025-03-13T18:45:49.591670+00:00, execution_date=20250313T184549, start_date=20250313T184550, end_date=20250313T184550
[2025-03-13T18:45:50.986+0000] {logging_mixin.py:190} INFO - Task instance in success state
[2025-03-13T18:45:50.986+0000] {logging_mixin.py:190} INFO -  Previous state of the Task instance: running
[2025-03-13T18:45:50.987+0000] {logging_mixin.py:190} INFO - Dag name:parse_FT queued_at:2025-03-13 18:45:49.599856+00:00
[2025-03-13T18:45:50.987+0000] {logging_mixin.py:190} INFO - Task hostname:5ab3e0664f49 operator:PythonOperator
[2025-03-13T18:45:51.031+0000] {local_task_job_runner.py:266} INFO - Task exited with return code 0
[2025-03-13T18:45:51.040+0000] {taskinstance.py:3901} INFO - 0 downstream tasks scheduled from follow-on schedule check
[2025-03-13T18:45:51.041+0000] {local_task_job_runner.py:245} INFO - ::endgroup::
