[2025-03-13T18:27:19.372+0000] {local_task_job_runner.py:123} INFO - ::group::Pre task execution logs
[2025-03-13T18:27:19.380+0000] {taskinstance.py:2614} INFO - Dependencies all met for dep_context=non-requeueable deps ti=<TaskInstance: parse_FT.get_daily_listing_task manual__2025-03-13T18:26:18.779526+00:00 [queued]>
[2025-03-13T18:27:19.385+0000] {taskinstance.py:2614} INFO - Dependencies all met for dep_context=requeueable deps ti=<TaskInstance: parse_FT.get_daily_listing_task manual__2025-03-13T18:26:18.779526+00:00 [queued]>
[2025-03-13T18:27:19.385+0000] {taskinstance.py:2867} INFO - Starting attempt 2 of 2
[2025-03-13T18:27:19.393+0000] {taskinstance.py:2890} INFO - Executing <Task(PythonOperator): get_daily_listing_task> on 2025-03-13 18:26:18.779526+00:00
[2025-03-13T18:27:19.398+0000] {warnings.py:112} WARNING - /home/***/.local/lib/python3.12/site-packages/***/task/task_runner/standard_task_runner.py:70: DeprecationWarning: This process (pid=1799) is multi-threaded, use of fork() may lead to deadlocks in the child.
  pid = os.fork()

[2025-03-13T18:27:19.399+0000] {standard_task_runner.py:72} INFO - Started process 1801 to run task
[2025-03-13T18:27:19.399+0000] {standard_task_runner.py:104} INFO - Running: ['***', 'tasks', 'run', 'parse_FT', 'get_daily_listing_task', 'manual__2025-03-13T18:26:18.779526+00:00', '--job-id', '17', '--raw', '--subdir', 'DAGS_FOLDER/scraping.py', '--cfg-path', '/tmp/tmp6bwao3oo']
[2025-03-13T18:27:19.399+0000] {standard_task_runner.py:105} INFO - Job 17: Subtask get_daily_listing_task
[2025-03-13T18:27:19.421+0000] {task_command.py:467} INFO - Running <TaskInstance: parse_FT.get_daily_listing_task manual__2025-03-13T18:26:18.779526+00:00 [running]> on host 5ab3e0664f49
[2025-03-13T18:27:19.465+0000] {taskinstance.py:3134} INFO - Exporting env vars: AIRFLOW_CTX_DAG_OWNER='joel' AIRFLOW_CTX_DAG_ID='parse_FT' AIRFLOW_CTX_TASK_ID='get_daily_listing_task' AIRFLOW_CTX_EXECUTION_DATE='2025-03-13T18:26:18.779526+00:00' AIRFLOW_CTX_TRY_NUMBER='2' AIRFLOW_CTX_DAG_RUN_ID='manual__2025-03-13T18:26:18.779526+00:00'
[2025-03-13T18:27:19.466+0000] {logging_mixin.py:190} INFO - Task instance is in running state
[2025-03-13T18:27:19.466+0000] {logging_mixin.py:190} INFO -  Previous state of the Task instance: queued
[2025-03-13T18:27:19.467+0000] {logging_mixin.py:190} INFO - Current task name:get_daily_listing_task state:running start_date:2025-03-13 18:27:19.381109+00:00
[2025-03-13T18:27:19.467+0000] {logging_mixin.py:190} INFO - Dag name:parse_FT and current dag run status:running
[2025-03-13T18:27:19.467+0000] {taskinstance.py:732} INFO - ::endgroup::
[2025-03-13T18:27:19.468+0000] {python.py:240} INFO - Done. Returned value was: None
[2025-03-13T18:27:19.473+0000] {taskinstance.py:341} INFO - ::group::Post task execution logs
[2025-03-13T18:27:19.473+0000] {taskinstance.py:353} INFO - Marking task as SUCCESS. dag_id=parse_FT, task_id=get_daily_listing_task, run_id=manual__2025-03-13T18:26:18.779526+00:00, execution_date=20250313T182618, start_date=20250313T182719, end_date=20250313T182719
[2025-03-13T18:27:19.485+0000] {logging_mixin.py:190} INFO - Task instance in success state
[2025-03-13T18:27:19.485+0000] {logging_mixin.py:190} INFO -  Previous state of the Task instance: running
[2025-03-13T18:27:19.486+0000] {logging_mixin.py:190} INFO - Dag name:parse_FT queued_at:2025-03-13 18:26:18.787175+00:00
[2025-03-13T18:27:19.486+0000] {logging_mixin.py:190} INFO - Task hostname:5ab3e0664f49 operator:PythonOperator
[2025-03-13T18:27:19.532+0000] {local_task_job_runner.py:266} INFO - Task exited with return code 0
[2025-03-13T18:27:19.541+0000] {taskinstance.py:3901} INFO - 0 downstream tasks scheduled from follow-on schedule check
[2025-03-13T18:27:19.542+0000] {local_task_job_runner.py:245} INFO - ::endgroup::
