[2025-03-13T19:47:37.280+0000] {local_task_job_runner.py:123} INFO - ::group::Pre task execution logs
[2025-03-13T19:47:37.290+0000] {taskinstance.py:2614} INFO - Dependencies all met for dep_context=non-requeueable deps ti=<TaskInstance: parse_FT.parse_job_offerings_task manual__2025-03-13T19:47:33.728776+00:00 [queued]>
[2025-03-13T19:47:37.295+0000] {taskinstance.py:2614} INFO - Dependencies all met for dep_context=requeueable deps ti=<TaskInstance: parse_FT.parse_job_offerings_task manual__2025-03-13T19:47:33.728776+00:00 [queued]>
[2025-03-13T19:47:37.295+0000] {taskinstance.py:2867} INFO - Starting attempt 1 of 2
[2025-03-13T19:47:37.304+0000] {taskinstance.py:2890} INFO - Executing <Task(PythonOperator): parse_job_offerings_task> on 2025-03-13 19:47:33.728776+00:00
[2025-03-13T19:47:37.308+0000] {warnings.py:112} WARNING - /home/***/.local/lib/python3.12/site-packages/***/task/task_runner/standard_task_runner.py:70: DeprecationWarning: This process (pid=82) is multi-threaded, use of fork() may lead to deadlocks in the child.
  pid = os.fork()

[2025-03-13T19:47:37.309+0000] {standard_task_runner.py:72} INFO - Started process 84 to run task
[2025-03-13T19:47:37.309+0000] {standard_task_runner.py:104} INFO - Running: ['***', 'tasks', 'run', 'parse_FT', 'parse_job_offerings_task', 'manual__2025-03-13T19:47:33.728776+00:00', '--job-id', '43', '--raw', '--subdir', 'DAGS_FOLDER/scraping.py', '--cfg-path', '/tmp/tmpm1ns_brv']
[2025-03-13T19:47:37.310+0000] {standard_task_runner.py:105} INFO - Job 43: Subtask parse_job_offerings_task
[2025-03-13T19:47:37.335+0000] {task_command.py:467} INFO - Running <TaskInstance: parse_FT.parse_job_offerings_task manual__2025-03-13T19:47:33.728776+00:00 [running]> on host d04f2a7bdd79
[2025-03-13T19:47:37.378+0000] {taskinstance.py:3134} INFO - Exporting env vars: AIRFLOW_CTX_DAG_OWNER='joel' AIRFLOW_CTX_DAG_ID='parse_FT' AIRFLOW_CTX_TASK_ID='parse_job_offerings_task' AIRFLOW_CTX_EXECUTION_DATE='2025-03-13T19:47:33.728776+00:00' AIRFLOW_CTX_TRY_NUMBER='1' AIRFLOW_CTX_DAG_RUN_ID='manual__2025-03-13T19:47:33.728776+00:00'
[2025-03-13T19:47:37.378+0000] {logging_mixin.py:190} INFO - Task instance is in running state
[2025-03-13T19:47:37.379+0000] {logging_mixin.py:190} INFO -  Previous state of the Task instance: queued
[2025-03-13T19:47:37.379+0000] {logging_mixin.py:190} INFO - Current task name:parse_job_offerings_task state:running start_date:2025-03-13 19:47:37.291005+00:00
[2025-03-13T19:47:37.379+0000] {logging_mixin.py:190} INFO - Dag name:parse_FT and current dag run status:running
[2025-03-13T19:47:37.380+0000] {taskinstance.py:732} INFO - ::endgroup::
[2025-03-13T19:47:37.645+0000] {warnings.py:112} WARNING - /opt/***/dags/scraping.py:55: GuessedAtParserWarning: No parser was explicitly specified, so I'm using the best available HTML parser for this system ("lxml"). This usually isn't a problem, but if you run this code on another system, or in a different virtual environment, it may use a different parser and behave differently.

The code that caused this warning is on line 55 of the file /opt/***/dags/scraping.py. To get rid of this warning, pass the additional argument 'features="lxml"' to the BeautifulSoup constructor.

  soup = BeautifulSoup(r.text)

[2025-03-13T19:47:39.697+0000] {python.py:240} INFO - Done. Returned value was: None
[2025-03-13T19:47:39.705+0000] {taskinstance.py:341} INFO - ::group::Post task execution logs
[2025-03-13T19:47:39.706+0000] {taskinstance.py:353} INFO - Marking task as SUCCESS. dag_id=parse_FT, task_id=parse_job_offerings_task, run_id=manual__2025-03-13T19:47:33.728776+00:00, execution_date=20250313T194733, start_date=20250313T194737, end_date=20250313T194739
[2025-03-13T19:47:39.722+0000] {logging_mixin.py:190} INFO - Task instance in success state
[2025-03-13T19:47:39.722+0000] {logging_mixin.py:190} INFO -  Previous state of the Task instance: running
[2025-03-13T19:47:39.722+0000] {logging_mixin.py:190} INFO - Dag name:parse_FT queued_at:2025-03-13 19:47:33.748832+00:00
[2025-03-13T19:47:39.722+0000] {logging_mixin.py:190} INFO - Task hostname:d04f2a7bdd79 operator:PythonOperator
[2025-03-13T19:47:39.768+0000] {local_task_job_runner.py:266} INFO - Task exited with return code 0
[2025-03-13T19:47:39.779+0000] {taskinstance.py:3901} INFO - 0 downstream tasks scheduled from follow-on schedule check
[2025-03-13T19:47:39.780+0000] {local_task_job_runner.py:245} INFO - ::endgroup::
