[2025-03-13T20:43:32.236+0000] {local_task_job_runner.py:123} INFO - ::group::Pre task execution logs
[2025-03-13T20:43:32.247+0000] {taskinstance.py:2614} INFO - Dependencies all met for dep_context=non-requeueable deps ti=<TaskInstance: parse_FT.parse_job_offerings_task manual__2025-03-13T20:43:15.208766+00:00 [queued]>
[2025-03-13T20:43:32.252+0000] {taskinstance.py:2614} INFO - Dependencies all met for dep_context=requeueable deps ti=<TaskInstance: parse_FT.parse_job_offerings_task manual__2025-03-13T20:43:15.208766+00:00 [queued]>
[2025-03-13T20:43:32.252+0000] {taskinstance.py:2867} INFO - Starting attempt 1 of 2
[2025-03-13T20:43:32.260+0000] {taskinstance.py:2890} INFO - Executing <Task(PythonOperator): parse_job_offerings_task> on 2025-03-13 20:43:15.208766+00:00
[2025-03-13T20:43:32.264+0000] {warnings.py:112} WARNING - /home/***/.local/lib/python3.12/site-packages/***/task/task_runner/standard_task_runner.py:70: DeprecationWarning: This process (pid=215) is multi-threaded, use of fork() may lead to deadlocks in the child.
  pid = os.fork()

[2025-03-13T20:43:32.265+0000] {standard_task_runner.py:72} INFO - Started process 217 to run task
[2025-03-13T20:43:32.265+0000] {standard_task_runner.py:104} INFO - Running: ['***', 'tasks', 'run', 'parse_FT', 'parse_job_offerings_task', 'manual__2025-03-13T20:43:15.208766+00:00', '--job-id', '78', '--raw', '--subdir', 'DAGS_FOLDER/scraping.py', '--cfg-path', '/tmp/tmpnf51_1_x']
[2025-03-13T20:43:32.266+0000] {standard_task_runner.py:105} INFO - Job 78: Subtask parse_job_offerings_task
[2025-03-13T20:43:32.289+0000] {task_command.py:467} INFO - Running <TaskInstance: parse_FT.parse_job_offerings_task manual__2025-03-13T20:43:15.208766+00:00 [running]> on host 0a98252fde59
[2025-03-13T20:43:32.332+0000] {taskinstance.py:3134} INFO - Exporting env vars: AIRFLOW_CTX_DAG_OWNER='joel' AIRFLOW_CTX_DAG_ID='parse_FT' AIRFLOW_CTX_TASK_ID='parse_job_offerings_task' AIRFLOW_CTX_EXECUTION_DATE='2025-03-13T20:43:15.208766+00:00' AIRFLOW_CTX_TRY_NUMBER='1' AIRFLOW_CTX_DAG_RUN_ID='manual__2025-03-13T20:43:15.208766+00:00'
[2025-03-13T20:43:32.333+0000] {logging_mixin.py:190} INFO - Task instance is in running state
[2025-03-13T20:43:32.333+0000] {logging_mixin.py:190} INFO -  Previous state of the Task instance: queued
[2025-03-13T20:43:32.334+0000] {logging_mixin.py:190} INFO - Current task name:parse_job_offerings_task state:running start_date:2025-03-13 20:43:32.247755+00:00
[2025-03-13T20:43:32.334+0000] {logging_mixin.py:190} INFO - Dag name:parse_FT and current dag run status:running
[2025-03-13T20:43:32.334+0000] {taskinstance.py:732} INFO - ::endgroup::
[2025-03-13T20:43:32.590+0000] {warnings.py:112} WARNING - /opt/***/dags/scraping.py:55: GuessedAtParserWarning: No parser was explicitly specified, so I'm using the best available HTML parser for this system ("lxml"). This usually isn't a problem, but if you run this code on another system, or in a different virtual environment, it may use a different parser and behave differently.

The code that caused this warning is on line 55 of the file /opt/***/dags/scraping.py. To get rid of this warning, pass the additional argument 'features="lxml"' to the BeautifulSoup constructor.

  soup = BeautifulSoup(r.text)

[2025-03-13T20:43:32.619+0000] {logging_mixin.py:190} INFO - 3523468
[2025-03-13T20:43:34.887+0000] {logging_mixin.py:190} INFO - 3501064
[2025-03-13T20:43:37.137+0000] {logging_mixin.py:190} INFO - 3495787
[2025-03-13T20:43:39.422+0000] {logging_mixin.py:190} INFO - 3539582
[2025-03-13T20:43:41.680+0000] {logging_mixin.py:190} INFO - 3548387
[2025-03-13T20:43:43.945+0000] {logging_mixin.py:190} INFO - 3504600
[2025-03-13T20:43:46.203+0000] {logging_mixin.py:190} INFO - 3482590
[2025-03-13T20:43:48.531+0000] {logging_mixin.py:190} INFO - 3541336
[2025-03-13T20:43:50.771+0000] {logging_mixin.py:190} INFO - 3545397
[2025-03-13T20:43:53.030+0000] {logging_mixin.py:190} INFO - 3504871
[2025-03-13T20:43:55.291+0000] {logging_mixin.py:190} INFO - 3504839
[2025-03-13T20:43:57.549+0000] {logging_mixin.py:190} INFO - 3504644
[2025-03-13T20:43:59.775+0000] {logging_mixin.py:190} INFO - 3506601
[2025-03-13T20:44:02.366+0000] {logging_mixin.py:190} INFO - 189LTSK
[2025-03-13T20:44:04.619+0000] {logging_mixin.py:190} INFO - 3538254
[2025-03-13T20:44:07.012+0000] {logging_mixin.py:190} INFO - 3504654
[2025-03-13T20:44:09.300+0000] {logging_mixin.py:190} INFO - 3480840
[2025-03-13T20:44:11.555+0000] {logging_mixin.py:190} INFO - 189LPXQ
[2025-03-13T20:44:14.128+0000] {logging_mixin.py:190} INFO - 3537728
[2025-03-13T20:44:16.358+0000] {logging_mixin.py:190} INFO - 3535863
[2025-03-13T20:44:18.633+0000] {logging_mixin.py:190} INFO - 3534331
[2025-03-13T20:44:20.918+0000] {logging_mixin.py:190} INFO - 3543767
[2025-03-13T20:44:23.158+0000] {logging_mixin.py:190} INFO - 3542629
[2025-03-13T20:44:25.430+0000] {logging_mixin.py:190} INFO - 3529654
[2025-03-13T20:44:27.694+0000] {logging_mixin.py:190} INFO - 3539624
[2025-03-13T20:44:29.949+0000] {logging_mixin.py:190} INFO - 3522439
[2025-03-13T20:44:32.204+0000] {logging_mixin.py:190} INFO - 3504652
[2025-03-13T20:44:34.463+0000] {logging_mixin.py:190} INFO - 3486272
[2025-03-13T20:44:36.999+0000] {logging_mixin.py:190} INFO - 3488447
[2025-03-13T20:44:39.235+0000] {logging_mixin.py:190} INFO - 3466491
[2025-03-13T20:44:41.469+0000] {logging_mixin.py:190} INFO - 3469718
[2025-03-13T20:44:43.712+0000] {logging_mixin.py:190} INFO - 3539503
[2025-03-13T20:44:45.965+0000] {logging_mixin.py:190} INFO - 3505105
[2025-03-13T20:44:48.216+0000] {logging_mixin.py:190} INFO - 3504639
[2025-03-13T20:44:50.498+0000] {logging_mixin.py:190} INFO - 3466586
[2025-03-13T20:44:52.896+0000] {logging_mixin.py:190} INFO - 3488933
[2025-03-13T20:44:55.134+0000] {logging_mixin.py:190} INFO - 3480604
[2025-03-13T20:44:57.250+0000] {logging_mixin.py:190} INFO - 3570425
[2025-03-13T20:44:59.478+0000] {logging_mixin.py:190} INFO - 3570312
[2025-03-13T20:45:01.755+0000] {logging_mixin.py:190} INFO - 3570174
[2025-03-13T20:45:03.999+0000] {logging_mixin.py:190} INFO - 3569637
[2025-03-13T20:45:06.245+0000] {logging_mixin.py:190} INFO - 3563675
[2025-03-13T20:45:08.498+0000] {logging_mixin.py:190} INFO - 3540988
[2025-03-13T20:45:10.759+0000] {logging_mixin.py:190} INFO - 3540810
[2025-03-13T20:45:13.007+0000] {logging_mixin.py:190} INFO - 3540247
[2025-03-13T20:45:15.250+0000] {logging_mixin.py:190} INFO - 3540130
[2025-03-13T20:45:17.515+0000] {logging_mixin.py:190} INFO - 3540079
[2025-03-13T20:45:19.695+0000] {logging_mixin.py:190} INFO - 3539510
[2025-03-13T20:45:22.009+0000] {logging_mixin.py:190} INFO - 3539114
[2025-03-13T20:45:24.252+0000] {logging_mixin.py:190} INFO - 3538783
[2025-03-13T20:45:26.501+0000] {logging_mixin.py:190} INFO - 3538758
[2025-03-13T20:45:28.821+0000] {logging_mixin.py:190} INFO - 3535867
[2025-03-13T20:45:31.094+0000] {logging_mixin.py:190} INFO - 3533865
[2025-03-13T20:45:33.340+0000] {logging_mixin.py:190} INFO - 3529456
[2025-03-13T20:45:35.612+0000] {logging_mixin.py:190} INFO - 3529101
[2025-03-13T20:45:37.891+0000] {logging_mixin.py:190} INFO - 3528151
[2025-03-13T20:45:40.282+0000] {logging_mixin.py:190} INFO - 3526807
[2025-03-13T20:45:42.292+0000] {python.py:240} INFO - Done. Returned value was: None
[2025-03-13T20:45:42.299+0000] {taskinstance.py:341} INFO - ::group::Post task execution logs
[2025-03-13T20:45:42.299+0000] {taskinstance.py:353} INFO - Marking task as SUCCESS. dag_id=parse_FT, task_id=parse_job_offerings_task, run_id=manual__2025-03-13T20:43:15.208766+00:00, execution_date=20250313T204315, start_date=20250313T204332, end_date=20250313T204542
[2025-03-13T20:45:42.313+0000] {logging_mixin.py:190} INFO - Task instance in success state
[2025-03-13T20:45:42.313+0000] {logging_mixin.py:190} INFO -  Previous state of the Task instance: running
[2025-03-13T20:45:42.313+0000] {logging_mixin.py:190} INFO - Dag name:parse_FT queued_at:2025-03-13 20:43:15.214087+00:00
[2025-03-13T20:45:42.314+0000] {logging_mixin.py:190} INFO - Task hostname:0a98252fde59 operator:PythonOperator
[2025-03-13T20:45:42.351+0000] {local_task_job_runner.py:266} INFO - Task exited with return code 0
[2025-03-13T20:45:42.360+0000] {taskinstance.py:3901} INFO - 0 downstream tasks scheduled from follow-on schedule check
[2025-03-13T20:45:42.361+0000] {local_task_job_runner.py:245} INFO - ::endgroup::
