[2025-03-13T18:40:59.247+0000] {local_task_job_runner.py:123} INFO - ::group::Pre task execution logs
[2025-03-13T18:40:59.256+0000] {taskinstance.py:2614} INFO - Dependencies all met for dep_context=non-requeueable deps ti=<TaskInstance: parse_FT.parse_job_offerings_task manual__2025-03-13T18:40:57.486946+00:00 [queued]>
[2025-03-13T18:40:59.262+0000] {taskinstance.py:2614} INFO - Dependencies all met for dep_context=requeueable deps ti=<TaskInstance: parse_FT.parse_job_offerings_task manual__2025-03-13T18:40:57.486946+00:00 [queued]>
[2025-03-13T18:40:59.262+0000] {taskinstance.py:2867} INFO - Starting attempt 1 of 2
[2025-03-13T18:40:59.270+0000] {taskinstance.py:2890} INFO - Executing <Task(PythonOperator): parse_job_offerings_task> on 2025-03-13 18:40:57.486946+00:00
[2025-03-13T18:40:59.275+0000] {warnings.py:112} WARNING - /home/***/.local/lib/python3.12/site-packages/***/task/task_runner/standard_task_runner.py:70: DeprecationWarning: This process (pid=1990) is multi-threaded, use of fork() may lead to deadlocks in the child.
  pid = os.fork()

[2025-03-13T18:40:59.276+0000] {standard_task_runner.py:72} INFO - Started process 1994 to run task
[2025-03-13T18:40:59.276+0000] {standard_task_runner.py:104} INFO - Running: ['***', 'tasks', 'run', 'parse_FT', 'parse_job_offerings_task', 'manual__2025-03-13T18:40:57.486946+00:00', '--job-id', '19', '--raw', '--subdir', 'DAGS_FOLDER/scraping.py', '--cfg-path', '/tmp/tmp749y2gnb']
[2025-03-13T18:40:59.277+0000] {standard_task_runner.py:105} INFO - Job 19: Subtask parse_job_offerings_task
[2025-03-13T18:40:59.302+0000] {task_command.py:467} INFO - Running <TaskInstance: parse_FT.parse_job_offerings_task manual__2025-03-13T18:40:57.486946+00:00 [running]> on host 5ab3e0664f49
[2025-03-13T18:40:59.348+0000] {taskinstance.py:3134} INFO - Exporting env vars: AIRFLOW_CTX_DAG_OWNER='joel' AIRFLOW_CTX_DAG_ID='parse_FT' AIRFLOW_CTX_TASK_ID='parse_job_offerings_task' AIRFLOW_CTX_EXECUTION_DATE='2025-03-13T18:40:57.486946+00:00' AIRFLOW_CTX_TRY_NUMBER='1' AIRFLOW_CTX_DAG_RUN_ID='manual__2025-03-13T18:40:57.486946+00:00'
[2025-03-13T18:40:59.349+0000] {logging_mixin.py:190} INFO - Task instance is in running state
[2025-03-13T18:40:59.349+0000] {logging_mixin.py:190} INFO -  Previous state of the Task instance: queued
[2025-03-13T18:40:59.349+0000] {logging_mixin.py:190} INFO - Current task name:parse_job_offerings_task state:running start_date:2025-03-13 18:40:59.257241+00:00
[2025-03-13T18:40:59.350+0000] {logging_mixin.py:190} INFO - Dag name:parse_FT and current dag run status:running
[2025-03-13T18:40:59.350+0000] {taskinstance.py:732} INFO - ::endgroup::
[2025-03-13T18:40:59.496+0000] {warnings.py:112} WARNING - /opt/***/dags/scraping.py:176: GuessedAtParserWarning: No parser was explicitly specified, so I'm using the best available HTML parser for this system ("lxml"). This usually isn't a problem, but if you run this code on another system, or in a different virtual environment, it may use a different parser and behave differently.

The code that caused this warning is on line 176 of the file /opt/***/dags/scraping.py. To get rid of this warning, pass the additional argument 'features="lxml"' to the BeautifulSoup constructor.

  soup = BeautifulSoup(r.text)

[2025-03-13T18:41:12.377+0000] {python.py:240} INFO - Done. Returned value was: None
[2025-03-13T18:41:12.383+0000] {taskinstance.py:341} INFO - ::group::Post task execution logs
[2025-03-13T18:41:12.383+0000] {taskinstance.py:353} INFO - Marking task as SUCCESS. dag_id=parse_FT, task_id=parse_job_offerings_task, run_id=manual__2025-03-13T18:40:57.486946+00:00, execution_date=20250313T184057, start_date=20250313T184059, end_date=20250313T184112
[2025-03-13T18:41:12.406+0000] {logging_mixin.py:190} INFO - Task instance in success state
[2025-03-13T18:41:12.406+0000] {logging_mixin.py:190} INFO -  Previous state of the Task instance: running
[2025-03-13T18:41:12.407+0000] {logging_mixin.py:190} INFO - Dag name:parse_FT queued_at:2025-03-13 18:40:57.492399+00:00
[2025-03-13T18:41:12.407+0000] {logging_mixin.py:190} INFO - Task hostname:5ab3e0664f49 operator:PythonOperator
[2025-03-13T18:41:12.443+0000] {local_task_job_runner.py:266} INFO - Task exited with return code 0
[2025-03-13T18:41:12.452+0000] {dagrun.py:977} ERROR - Failed to get task for ti <TaskInstance: parse_FT.get_daily_listing_task manual__2025-03-13T18:40:57.486946+00:00 [failed]>. Marking it as removed.
[2025-03-13T18:41:12.454+0000] {taskinstance.py:3901} INFO - 0 downstream tasks scheduled from follow-on schedule check
[2025-03-13T18:41:12.455+0000] {local_task_job_runner.py:245} INFO - ::endgroup::
